# JRE version: OpenJDK Runtime Environment (8.0_242) (build 1.8.0_242-release-1644-b3-6222593)
# Java VM: OpenJDK 64-Bit Server VM (25.242-b3-6222593 mixed mode linux-amd64 compressed oops)
Heap:
 PSYoungGen      total 615424K, used 386723K [0x00000000d5580000, 0x00000000fea80000, 0x0000000100000000)
  eden space 559104K, 65% used [0x00000000d5580000,0x00000000eb9b6938,0x00000000f7780000)
  from space 56320K, 38% used [0x00000000fb380000,0x00000000fc8f25f0,0x00000000fea80000)
  to   space 58880K, 0% used [0x00000000f7780000,0x00000000f7780000,0x00000000fb100000)
 ParOldGen       total 205824K, used 102269K [0x0000000080000000, 0x000000008c900000, 0x00000000d5580000)
  object space 205824K, 49% used [0x0000000080000000,0x00000000863df5a0,0x000000008c900000)
 Metaspace       used 102073K, capacity 110342K, committed 110488K, reserved 1144832K
  class space    used 12844K, capacity 14197K, committed 14256K, reserved 1048576K
GC Heap History (10 events):
Event: 9207.546 GC heap before
{Heap before GC invocations=43 (full 5):
 PSYoungGen      total 614400K, used 564780K [0x00000000d5580000, 0x00000000ff800000, 0x0000000100000000)
  eden space 541184K, 100% used [0x00000000d5580000,0x00000000f6600000,0x00000000f6600000)
  from space 73216K, 32% used [0x00000000f6600000,0x00000000f7d0b250,0x00000000fad80000)
  to   space 70144K, 0% used [0x00000000fb380000,0x00000000fb380000,0x00000000ff800000)
 ParOldGen       total 205824K, used 102261K [0x0000000080000000, 0x000000008c900000, 0x00000000d5580000)
  object space 205824K, 49% used [0x0000000080000000,0x00000000863dd5a0,0x000000008c900000)
 Metaspace       used 101588K, capacity 109924K, committed 110232K, reserved 1144832K
  class space    used 12841K, capacity 14194K, committed 14256K, reserved 1048576K
Event: 9207.626 GC heap after
Heap after GC invocations=43 (full 5):
 PSYoungGen      total 616448K, used 11807K [0x00000000d5580000, 0x00000000ff580000, 0x0000000100000000)
  eden space 548864K, 0% used [0x00000000d5580000,0x00000000d5580000,0x00000000f6d80000)
  from space 67584K, 17% used [0x00000000fb380000,0x00000000fbf07fb8,0x00000000ff580000)
  to   space 69632K, 0% used [0x00000000f6d80000,0x00000000f6d80000,0x00000000fb180000)
 ParOldGen       total 205824K, used 102261K [0x0000000080000000, 0x000000008c900000, 0x00000000d5580000)
  object space 205824K, 49% used [0x0000000080000000,0x00000000863dd5a0,0x000000008c900000)
 Metaspace       used 101588K, capacity 109924K, committed 110232K, reserved 1144832K
  class space    used 12841K, capacity 14194K, committed 14256K, reserved 1048576K
}
Event: 9420.593 GC heap before
{Heap before GC invocations=44 (full 5):
 PSYoungGen      total 616448K, used 560671K [0x00000000d5580000, 0x00000000ff580000, 0x0000000100000000)
  eden space 548864K, 100% used [0x00000000d5580000,0x00000000f6d80000,0x00000000f6d80000)
  from space 67584K, 17% used [0x00000000fb380000,0x00000000fbf07fb8,0x00000000ff580000)
  to   space 69632K, 0% used [0x00000000f6d80000,0x00000000f6d80000,0x00000000fb180000)
 ParOldGen       total 205824K, used 102261K [0x0000000080000000, 0x000000008c900000, 0x00000000d5580000)
  object space 205824K, 49% used [0x0000000080000000,0x00000000863dd5a0,0x000000008c900000)
 Metaspace       used 101753K, capacity 110062K, committed 110232K, reserved 1144832K
  class space    used 12842K, capacity 14195K, committed 14256K, reserved 1048576K
Event: 9420.677 GC heap after
Heap after GC invocations=44 (full 5):
 PSYoungGen      total 618496K, used 14822K [0x00000000d5580000, 0x00000000ff800000, 0x0000000100000000)
  eden space 548864K, 0% used [0x00000000d5580000,0x00000000d5580000,0x00000000f6d80000)
  from space 69632K, 21% used [0x00000000f6d80000,0x00000000f7bf98a0,0x00000000fb180000)
  to   space 67584K, 0% used [0x00000000fb600000,0x00000000fb600000,0x00000000ff800000)
 ParOldGen       total 205824K, used 102269K [0x0000000080000000, 0x000000008c900000, 0x00000000d5580000)
  object space 205824K, 49% used [0x0000000080000000,0x00000000863df5a0,0x000000008c900000)
 Metaspace       used 101753K, capacity 110062K, committed 110232K, reserved 1144832K
  class space    used 12842K, capacity 14195K, committed 14256K, reserved 1048576K
}
Event: 9695.391 GC heap before
{Heap before GC invocations=45 (full 5):
 PSYoungGen      total 618496K, used 563686K [0x00000000d5580000, 0x00000000ff800000, 0x0000000100000000)
  eden space 548864K, 100% used [0x00000000d5580000,0x00000000f6d80000,0x00000000f6d80000)
  from space 69632K, 21% used [0x00000000f6d80000,0x00000000f7bf98a0,0x00000000fb180000)
  to   space 67584K, 0% used [0x00000000fb600000,0x00000000fb600000,0x00000000ff800000)
 ParOldGen       total 205824K, used 102269K [0x0000000080000000, 0x000000008c900000, 0x00000000d5580000)
  object space 205824K, 49% used [0x0000000080000000,0x00000000863df5a0,0x000000008c900000)
 Metaspace       used 101826K, capacity 110130K, committed 110232K, reserved 1144832K
  class space    used 12842K, capacity 14195K, committed 14256K, reserved 1048576K
Event: 9695.519 GC heap after
Heap after GC invocations=45 (full 5):
 PSYoungGen      total 612864K, used 27132K [0x00000000d5580000, 0x00000000fef00000, 0x0000000100000000)
  eden space 554496K, 0% used [0x00000000d5580000,0x00000000d5580000,0x00000000f7300000)
  from space 58368K, 46% used [0x00000000fb600000,0x00000000fd07f128,0x00000000fef00000)
  to   space 63488K, 0% used [0x00000000f7300000,0x00000000f7300000,0x00000000fb100000)
 ParOldGen       total 205824K, used 102269K [0x0000000080000000, 0x000000008c900000, 0x00000000d5580000)
  object space 205824K, 49% used [0x0000000080000000,0x00000000863df5a0,0x000000008c900000)
 Metaspace       used 101826K, capacity 110130K, committed 110232K, reserved 1144832K
  class space    used 12842K, capacity 14195K, committed 14256K, reserved 1048576K
}
Event: 10036.532 GC heap before
{Heap before GC invocations=46 (full 5):
 PSYoungGen      total 612864K, used 581628K [0x00000000d5580000, 0x00000000fef00000, 0x0000000100000000)
  eden space 554496K, 100% used [0x00000000d5580000,0x00000000f7300000,0x00000000f7300000)
  from space 58368K, 46% used [0x00000000fb600000,0x00000000fd07f128,0x00000000fef00000)
  to   space 63488K, 0% used [0x00000000f7300000,0x00000000f7300000,0x00000000fb100000)
 ParOldGen       total 205824K, used 102269K [0x0000000080000000, 0x000000008c900000, 0x00000000d5580000)
  object space 205824K, 49% used [0x0000000080000000,0x00000000863df5a0,0x000000008c900000)
 Metaspace       used 101935K, capacity 110210K, committed 110488K, reserved 1144832K
  class space    used 12844K, capacity 14197K, committed 14256K, reserved 1048576K
Event: 10036.694 GC heap after
Heap after GC invocations=46 (full 5):
 PSYoungGen      total 617984K, used 19129K [0x00000000d5580000, 0x00000000fef80000, 0x0000000100000000)
  eden space 554496K, 0% used [0x00000000d5580000,0x00000000d5580000,0x00000000f7300000)
  from space 63488K, 30% used [0x00000000f7300000,0x00000000f85ae460,0x00000000fb100000)
  to   space 61440K, 0% used [0x00000000fb380000,0x00000000fb380000,0x00000000fef80000)
 ParOldGen       total 205824K, used 102269K [0x0000000080000000, 0x000000008c900000, 0x00000000d5580000)
  object space 205824K, 49% used [0x0000000080000000,0x00000000863df5a0,0x000000008c900000)
 Metaspace       used 101935K, capacity 110210K, committed 110488K, reserved 1144832K
  class space    used 12844K, capacity 14197K, committed 14256K, reserved 1048576K
}
Event: 10146.498 GC heap before
{Heap before GC invocations=47 (full 5):
 PSYoungGen      total 617984K, used 573625K [0x00000000d5580000, 0x00000000fef80000, 0x0000000100000000)
  eden space 554496K, 100% used [0x00000000d5580000,0x00000000f7300000,0x00000000f7300000)
  from space 63488K, 30% used [0x00000000f7300000,0x00000000f85ae460,0x00000000fb100000)
  to   space 61440K, 0% used [0x00000000fb380000,0x00000000fb380000,0x00000000fef80000)
 ParOldGen       total 205824K, used 102269K [0x0000000080000000, 0x000000008c900000, 0x00000000d5580000)
  object space 205824K, 49% used [0x0000000080000000,0x00000000863df5a0,0x000000008c900000)
 Metaspace       used 102026K, capacity 110274K, committed 110488K, reserved 1144832K
  class space    used 12844K, capacity 14197K, committed 14256K, reserved 1048576K
Event: 10146.599 GC heap after
Heap after GC invocations=47 (full 5):
 PSYoungGen      total 615424K, used 21961K [0x00000000d5580000, 0x00000000fea80000, 0x0000000100000000)
  eden space 559104K, 0% used [0x00000000d5580000,0x00000000d5580000,0x00000000f7780000)
  from space 56320K, 38% used [0x00000000fb380000,0x00000000fc8f25f0,0x00000000fea80000)
  to   space 58880K, 0% used [0x00000000f7780000,0x00000000f7780000,0x00000000fb100000)
 ParOldGen       total 205824K, used 102269K [0x0000000080000000, 0x000000008c900000, 0x00000000d5580000)
  object space 205824K, 49% used [0x0000000080000000,0x00000000863df5a0,0x000000008c900000)
 Metaspace       used 102026K, capacity 110274K, committed 110488K, reserved 1144832K
  class space    used 12844K, capacity 14197K, committed 14256K, reserved 1048576K
}

